<?xml version="1.0" encoding="UTF-8"?>
<!-- Generated by org.testng.reporters.JUnitReportReporter -->
<testsuite hostname="woong" failures="0" tests="4" name="api.test.UserTest" time="3.265" errors="0" timestamp="2024-05-21T15:44:20 MDT" skipped="0">
  <testcase classname="api.test.UserTest" name="testPostUser" time="2.170"/>
  <testcase classname="api.test.UserTest" name="testGetUser" time="0.291"/>
  <testcase classname="api.test.UserTest" name="testUpdateUser" time="0.542"/>
  <testcase classname="api.test.UserTest" name="testDeleteUser" time="0.262"/>
</testsuite> <!-- api.test.UserTest -->
