<?xml version="1.0" encoding="UTF-8"?>
<!-- Generated by org.testng.reporters.JUnitReportReporter -->
<testsuite hostname="woong" failures="0" tests="4" name="api.test.UserTest2" time="1.301" errors="0" timestamp="2024-05-20T16:28:22 MDT" skipped="0">
  <testcase classname="api.test.UserTest2" name="testPostUser" time="0.266"/>
  <testcase classname="api.test.UserTest2" name="testGetUser" time="0.264"/>
  <testcase classname="api.test.UserTest2" name="testUpdateUser" time="0.525"/>
  <testcase classname="api.test.UserTest2" name="testDeleteUser" time="0.246"/>
</testsuite> <!-- api.test.UserTest2 -->
