<?xml version="1.0" encoding="UTF-8"?>
<!-- Generated by org.testng.reporters.JUnitReportReporter -->
<testsuite hostname="woong" failures="0" tests="6" name="api.test.DDtests" time="1.476" errors="0" timestamp="2024-05-20T16:28:22 MDT" skipped="0">
  <testcase classname="api.test.DDtests" name="testPostUser" time="0.244"/>
  <testcase classname="api.test.DDtests" name="testPostUser" time="0.252"/>
  <testcase classname="api.test.DDtests" name="testPostUser" time="0.251"/>
  <testcase classname="api.test.DDtests" name="testDeleteUserByName" time="0.243"/>
  <testcase classname="api.test.DDtests" name="testDeleteUserByName" time="0.246"/>
  <testcase classname="api.test.DDtests" name="testDeleteUserByName" time="0.240"/>
</testsuite> <!-- api.test.DDtests -->
