<?xml version="1.0" encoding="UTF-8"?>
<!-- Generated by org.testng.reporters.JUnitReportReporter -->
<testsuite hostname="woong" failures="0" tests="4" name="api.test.UserTest" time="3.141" errors="0" timestamp="2024-05-20T16:28:22 MDT" skipped="0">
  <testcase classname="api.test.UserTest" name="testPostUser" time="2.046"/>
  <testcase classname="api.test.UserTest" name="testGetUser" time="0.305"/>
  <testcase classname="api.test.UserTest" name="testUpdateUser" time="0.526"/>
  <testcase classname="api.test.UserTest" name="testDeleteUser" time="0.264"/>
</testsuite> <!-- api.test.UserTest -->
